1 
1 2 
1 2 
1 2 4 
1 2 4 
1 2 4 
1 2 4 7 
1 2 4 7 
1 2 4 7 
1 2 4 7 
1 2 4 7 
1 2 4 7 11 
1 2 4 7 11 
1 2 4 7 11 
1 2 4 7 11 
1 2 4 7 11 
1 2 4 7 11 16 
1 2 4 7 11 16 
1 2 4 7 11 16 
1 2 4 7 11 16 
1 2 4 7 11 16 
1 2 4 7 11 16 
1 2 4 7 11 16 22 
1 2 4 7 11 16 22 
1 2 4 7 11 16 22 
1 2 4 7 11 16 22 
1 2 4 7 11 16 22 
1 2 4 7 11 16 22 
1 2 4 7 11 16 22 
1 2 4 7 11 16 22 29 37 46 56 67 79 92 
1 2 4 7 11 16 22 29 37 46 56 67 79 92 
1 2 4 7 11 16 22 29 37 46 56 67 79 92 
1 2 4 7 11 16 22 29 37 46 56 67 79 92 
1 2 4 7 11 16 22 29 37 46 56 67 79 92 106 121 
1 2 4 7 11 16 22 29 37 46 56 67 79 92 106 121 137 
1 2 4 7 11 16 22 29 37 46 56 67 79 92 106 121 137 154 
1 2 4 7 11 16 22 29 37 46 56 67 79 92 106 121 137 154 
1 2 4 7 11 16 22 29 37 46 56 67 79 92 106 121 137 154 172 
1 2 4 7 11 16 22 29 37 46 56 67 79 92 106 121 137 154 172 
1 2 4 7 11 16 22 29 37 46 56 67 79 92 106 121 137 154 172 191 211 232 
1 2 4 7 11 16 22 29 37 46 56 67 79 92 106 121 137 154 172 191 211 232 
1 2 4 7 11 16 22 29 37 46 56 67 79 92 106 121 137 154 172 191 211 232 254 
1 2 4 7 11 16 22 29 37 46 56 67 79 92 106 121 137 154 172 191 211 232 254 
1 2 4 7 11 16 22 29 37 46 56 67 79 92 106 121 137 154 172 191 211 232 254 277 
